c:\users\nialt\onedrive\documents\github\c-\laba2_1\laba2_1\debug\vc142.pdb
c:\users\nialt\onedrive\documents\github\c-\laba2_1\laba2_1\debug\vc142.idb
c:\users\nialt\onedrive\documents\github\c-\laba2_1\laba2_1\debug\massiv.obj
c:\users\nialt\onedrive\documents\github\c-\laba2_1\laba2_1\debug\laba2_1.obj
c:\users\nialt\onedrive\documents\github\c-\laba2_1\debug\laba2_1.pdb
c:\users\nialt\onedrive\documents\github\c-\laba2_1\laba2_1\debug\laba2_1.tlog\cl.command.1.tlog
c:\users\nialt\onedrive\documents\github\c-\laba2_1\laba2_1\debug\laba2_1.tlog\cl.read.1.tlog
c:\users\nialt\onedrive\documents\github\c-\laba2_1\laba2_1\debug\laba2_1.tlog\cl.write.1.tlog
c:\users\nialt\onedrive\documents\github\c-\laba2_1\laba2_1\debug\laba2_1.tlog\link-cvtres.read.1.tlog
c:\users\nialt\onedrive\documents\github\c-\laba2_1\laba2_1\debug\laba2_1.tlog\link-cvtres.write.1.tlog
c:\users\nialt\onedrive\documents\github\c-\laba2_1\laba2_1\debug\laba2_1.tlog\link-rc.read.1.tlog
c:\users\nialt\onedrive\documents\github\c-\laba2_1\laba2_1\debug\laba2_1.tlog\link-rc.write.1.tlog
c:\users\nialt\onedrive\documents\github\c-\laba2_1\laba2_1\debug\laba2_1.tlog\link.12508-cvtres.read.1.tlog
c:\users\nialt\onedrive\documents\github\c-\laba2_1\laba2_1\debug\laba2_1.tlog\link.12508-cvtres.write.1.tlog
c:\users\nialt\onedrive\documents\github\c-\laba2_1\laba2_1\debug\laba2_1.tlog\link.12508-rc.read.1.tlog
c:\users\nialt\onedrive\documents\github\c-\laba2_1\laba2_1\debug\laba2_1.tlog\link.12508-rc.write.1.tlog
c:\users\nialt\onedrive\documents\github\c-\laba2_1\laba2_1\debug\laba2_1.tlog\link.12508.read.1.tlog
c:\users\nialt\onedrive\documents\github\c-\laba2_1\laba2_1\debug\laba2_1.tlog\link.12508.write.1.tlog
c:\users\nialt\onedrive\documents\github\c-\laba2_1\laba2_1\debug\laba2_1.tlog\link.command.1.tlog
c:\users\nialt\onedrive\documents\github\c-\laba2_1\laba2_1\debug\laba2_1.tlog\link.read.1.tlog
c:\users\nialt\onedrive\documents\github\c-\laba2_1\laba2_1\debug\laba2_1.tlog\link.write.1.tlog
