  laba2_2.cpp
C:\Users\nialt\OneDrive\Documents\GitHub\C-\laba2_2\laba2_2\massiv.h(47): error C2678: бинарный "==": не найден оператор, принимающий левый операнд типа "T" (или приемлемое преобразование отсутствует)
          with
          [
              T=complex
          ]
  C:\Program Files (x86)\Microsoft Visual Studio\2019\Preview\VC\Tools\MSVC\14.20.27508\include\system_error(232): note: может быть "bool std::operator ==(const std::error_condition &,const std::error_condition &) noexcept"
  C:\Program Files (x86)\Microsoft Visual Studio\2019\Preview\VC\Tools\MSVC\14.20.27508\include\system_error(227): note: или       "bool std::operator ==(const std::error_condition &,const std::error_code &) noexcept"
  C:\Program Files (x86)\Microsoft Visual Studio\2019\Preview\VC\Tools\MSVC\14.20.27508\include\system_error(222): note: или       "bool std::operator ==(const std::error_code &,const std::error_condition &) noexcept"
  C:\Program Files (x86)\Microsoft Visual Studio\2019\Preview\VC\Tools\MSVC\14.20.27508\include\system_error(217): note: или       "bool std::operator ==(const std::error_code &,const std::error_code &) noexcept"
  C:\Program Files (x86)\Microsoft Visual Studio\2019\Preview\VC\Tools\MSVC\14.20.27508\include\exception(292): note: или       "bool std::operator ==(const std::exception_ptr &,std::nullptr_t) noexcept"
  C:\Program Files (x86)\Microsoft Visual Studio\2019\Preview\VC\Tools\MSVC\14.20.27508\include\exception(288): note: или       "bool std::operator ==(std::nullptr_t,const std::exception_ptr &) noexcept"
  C:\Program Files (x86)\Microsoft Visual Studio\2019\Preview\VC\Tools\MSVC\14.20.27508\include\exception(284): note: или       "bool std::operator ==(const std::exception_ptr &,const std::exception_ptr &) noexcept"
  C:\Users\nialt\OneDrive\Documents\GitHub\C-\laba2_2\laba2_2\massiv.h(47): note: при попытке сопоставить список аргументов "(T, T)"
          with
          [
              T=complex
          ]
  C:\Users\nialt\OneDrive\Documents\GitHub\C-\laba2_2\laba2_2\massiv.h(37): note: при компиляции функции-члена "<Нет данных>" класса класс <Нет данных>
  C:\Users\nialt\OneDrive\Documents\GitHub\C-\laba2_2\laba2_2\laba2_2.cpp(188): note: выполняется компиляция ссылки на экземпляр шаблон функции "massiv<complex> &massiv<complex>::operator ==(massiv<complex> &)"
  C:\Users\nialt\OneDrive\Documents\GitHub\C-\laba2_2\laba2_2\laba2_2.cpp(182): note: выполняется компиляция ссылки на экземпляр шаблон класс "massiv<complex>"
